[20:17:25] [main/INFO]: Loading Minecraft 1.19.2 with Fabric Loader 0.16.3
[20:17:26] [main/INFO]: Loading 4 mods:
	- fabricloader 0.16.3
	   \-- mixinextras 0.4.1
	- java 17
	- minecraft 1.19.2
[20:17:26] [main/INFO]: SpongePowered MIXIN Subsystem Version=0.8.7 Source=file:/workspaces/ser/servidor_minecraft/libraries/net/fabricmc/sponge-mixin/0.15.2+mixin.0.8.7/sponge-mixin-0.15.2+mixin.0.8.7.jar Service=Knot/Fabric Env=SERVER
[20:17:29] [main/INFO]: Building unoptimized datafixer
[20:17:30] [main/INFO]: Environment: authHost='https://authserver.mojang.com', accountsHost='https://api.mojang.com', sessionHost='https://sessionserver.mojang.com', servicesHost='https://api.minecraftservices.com', name='PROD'
[20:17:31] [main/INFO]: Loaded 7 recipes
[20:17:31] [main/INFO]: Loaded 1179 advancements
[20:17:32] [Server thread/INFO]: Starting minecraft server version 1.19.2
[20:17:32] [Server thread/INFO]: Loading properties
[20:17:32] [Server thread/INFO]: Default game type: SURVIVAL
[20:17:32] [Server thread/INFO]: Generating keypair
[20:17:33] [Server thread/INFO]: Starting Minecraft server on *:25565
[20:17:33] [Server thread/INFO]: Using epoll channel type
[20:17:33] [Server thread/WARN]: **** SERVER IS RUNNING IN OFFLINE/INSECURE MODE!
[20:17:33] [Server thread/WARN]: The server will make no attempt to authenticate usernames. Beware.
[20:17:33] [Server thread/WARN]: While this makes the game possible to play without internet access, it also opens up the ability for hackers to connect with any username they choose.
[20:17:33] [Server thread/WARN]: To change this, set "online-mode" to "true" in the server.properties file.
[20:17:33] [Server thread/INFO]: Preparing level "world"
[20:17:33] [Server thread/INFO]: Preparing start region for dimension minecraft:overworld
[20:17:37] [Worker-Main-3/INFO]: Preparing spawn area: 0%
[20:17:37] [Worker-Main-1/INFO]: Preparing spawn area: 0%
[20:17:37] [Worker-Main-1/INFO]: Preparing spawn area: 0%
[20:17:37] [Worker-Main-1/INFO]: Preparing spawn area: 0%
[20:17:37] [Worker-Main-1/INFO]: Preparing spawn area: 0%
[20:17:37] [Worker-Main-1/INFO]: Preparing spawn area: 0%
[20:17:37] [Worker-Main-1/INFO]: Preparing spawn area: 0%
[20:17:37] [Worker-Main-1/INFO]: Preparing spawn area: 0%
[20:17:37] [Worker-Main-1/INFO]: Preparing spawn area: 0%
[20:17:37] [Worker-Main-3/INFO]: Preparing spawn area: 0%
[20:17:38] [Worker-Main-3/INFO]: Preparing spawn area: 1%
[20:17:38] [Worker-Main-3/INFO]: Preparing spawn area: 15%
[20:17:39] [Worker-Main-3/INFO]: Preparing spawn area: 53%
[20:17:39] [Worker-Main-1/INFO]: Preparing spawn area: 86%
[20:17:40] [Server thread/INFO]: Time elapsed: 6742 ms
[20:17:40] [Server thread/INFO]: Done (6.979s)! For help, type "help"
[20:20:42] [Server thread/INFO]: Set the time to 1000
